<?xml version="1.0" encoding="UTF-8"?>
<!-- Generated by org.testng.reporters.JUnitReportReporter -->
<testsuite skipped="0" hostname="BDC8-LX-6021B32" name="Training1.Robot" tests="1" failures="0" timestamp="15 Oct 2018 10:04:09 GMT" time="26.435" errors="0">
  <testcase name="cookiesManagemet" time="26.435" classname="Training1.Robot"/>
</testsuite> <!-- Training1.Robot -->
