<?xml version="1.0" encoding="UTF-8"?>
<!-- Generated by org.testng.reporters.JUnitReportReporter -->
<testsuite skipped="0" hostname="BDC8-LX-6021B32" name="Training1.Training_demo" tests="1" failures="0" timestamp="15 Oct 2018 05:39:07 GMT" time="9.323" errors="0">
  <testcase name="method1" time="9.323" classname="Training1.Training_demo"/>
</testsuite> <!-- Training1.Training_demo -->
