<?xml version="1.0" encoding="UTF-8"?>
<!-- Generated by org.testng.reporters.JUnitReportReporter -->
<testsuite skipped="0" hostname="BDC8-LX-6021B32" name="Training1.Javascptex" tests="1" failures="0" timestamp="15 Oct 2018 08:45:06 GMT" time="13.031" errors="0">
  <testcase name="jsexecutor" time="13.031" classname="Training1.Javascptex"/>
</testsuite> <!-- Training1.Javascptex -->
