<?xml version="1.0" encoding="UTF-8"?>
<!-- Generated by org.testng.reporters.JUnitReportReporter -->
<testsuite skipped="0" hostname="BDC8-LX-6021B32" name="Training1.ScreenShot" tests="1" failures="0" timestamp="15 Oct 2018 07:04:17 GMT" time="5.681" errors="0">
  <testcase name="take" time="5.681" classname="Training1.ScreenShot"/>
</testsuite> <!-- Training1.ScreenShot -->
