<?xml version="1.0" encoding="UTF-8"?>
<!-- Generated by org.testng.reporters.JUnitReportReporter -->
<testsuite skipped="0" hostname="BDC8-LX-6021B32" name="Training1.slider" tests="1" failures="0" timestamp="15 Oct 2018 06:48:58 GMT" time="8.464" errors="0">
  <testcase name="slider1" time="8.464" classname="Training1.slider"/>
</testsuite> <!-- Training1.slider -->
