<?xml version="1.0" encoding="UTF-8"?>
<!-- Generated by org.testng.reporters.JUnitReportReporter -->
<testsuite skipped="0" hostname="BDC8-LX-6021B32" name="Training1.Cookies" tests="1" failures="0" timestamp="15 Oct 2018 09:10:42 GMT" time="13.316" errors="0">
  <testcase name="cookiesManagemet" time="13.316" classname="Training1.Cookies"/>
</testsuite> <!-- Training1.Cookies -->
